0 info it worked if it ends with ok
1 verbose cli [ 'node', '/usr/local/bin/npm', 'install' ]
2 info using npm@3.8.7
3 info using node@v0.10.25
4 verbose node symlink /usr/bin/node
5 silly loadCurrentTree Starting
6 silly install loadCurrentTree
7 silly install readLocalPackageData
8 silly install normalizeTree
9 silly loadCurrentTree Finishing
10 silly loadIdealTree Starting
11 silly install loadIdealTree
12 silly cloneCurrentTree Starting
13 silly install cloneCurrentTreeToIdealTree
14 silly cloneCurrentTree Finishing
15 silly loadShrinkwrap Starting
16 silly install loadShrinkwrap
17 silly loadShrinkwrap Finishing
18 silly loadAllDepsIntoIdealTree Starting
19 silly install loadAllDepsIntoIdealTree
20 silly fetchNamedPackageData mongoose
21 silly mapToRegistry name mongoose
22 silly mapToRegistry using default registry
23 silly mapToRegistry registry https://registry.npmjs.org/
24 silly mapToRegistry data { raw: 'mongoose',
24 silly mapToRegistry   scope: null,
24 silly mapToRegistry   name: 'mongoose',
24 silly mapToRegistry   rawSpec: '',
24 silly mapToRegistry   spec: 'latest',
24 silly mapToRegistry   type: 'tag' }
25 silly mapToRegistry uri https://registry.npmjs.org/mongoose
26 silly fetchNamedPackageData express
27 silly mapToRegistry name express
28 silly mapToRegistry using default registry
29 silly mapToRegistry registry https://registry.npmjs.org/
30 silly mapToRegistry data { raw: 'express',
30 silly mapToRegistry   scope: null,
30 silly mapToRegistry   name: 'express',
30 silly mapToRegistry   rawSpec: '',
30 silly mapToRegistry   spec: 'latest',
30 silly mapToRegistry   type: 'tag' }
31 silly mapToRegistry uri https://registry.npmjs.org/express
32 silly fetchNamedPackageData method-override
33 silly mapToRegistry name method-override
34 silly mapToRegistry using default registry
35 silly mapToRegistry registry https://registry.npmjs.org/
36 silly mapToRegistry data { raw: 'method-override',
36 silly mapToRegistry   scope: null,
36 silly mapToRegistry   name: 'method-override',
36 silly mapToRegistry   rawSpec: '',
36 silly mapToRegistry   spec: 'latest',
36 silly mapToRegistry   type: 'tag' }
37 silly mapToRegistry uri https://registry.npmjs.org/method-override
38 silly fetchNamedPackageData body-parser
39 silly mapToRegistry name body-parser
40 silly mapToRegistry using default registry
41 silly mapToRegistry registry https://registry.npmjs.org/
42 silly mapToRegistry data { raw: 'body-parser',
42 silly mapToRegistry   scope: null,
42 silly mapToRegistry   name: 'body-parser',
42 silly mapToRegistry   rawSpec: '',
42 silly mapToRegistry   spec: 'latest',
42 silly mapToRegistry   type: 'tag' }
43 silly mapToRegistry uri https://registry.npmjs.org/body-parser
44 verbose request uri https://registry.npmjs.org/express
45 verbose request no auth needed
46 info attempt registry request try #1 at 02:22:34
47 verbose request id be19ecaf0f936c31
48 verbose etag "1ZU5PWZM01DOJCUDOBC0BBOI2"
49 http request GET https://registry.npmjs.org/express
50 verbose request uri https://registry.npmjs.org/method-override
51 verbose request no auth needed
52 info attempt registry request try #1 at 02:22:34
53 verbose etag "7S8ZVB40MDAQ7Z8SW67IWJ5S0"
54 http request GET https://registry.npmjs.org/method-override
55 verbose request uri https://registry.npmjs.org/body-parser
56 verbose request no auth needed
57 info attempt registry request try #1 at 02:22:34
58 verbose etag "CKT2RJ5F04S2SDZESP3RMG1K1"
59 http request GET https://registry.npmjs.org/body-parser
60 verbose request uri https://registry.npmjs.org/mongoose
61 verbose request no auth needed
62 info attempt registry request try #1 at 02:22:34
63 verbose etag "CNZX1SGTS6MU2NMIJYOVXESSO"
64 http request GET https://registry.npmjs.org/mongoose
65 http 304 https://registry.npmjs.org/body-parser
66 verbose headers { date: 'Tue, 26 Apr 2016 05:22:35 GMT',
66 verbose headers   via: '1.1 varnish',
66 verbose headers   'cache-control': 'max-age=300',
66 verbose headers   etag: '"CKT2RJ5F04S2SDZESP3RMG1K1"',
66 verbose headers   age: '115',
66 verbose headers   connection: 'keep-alive',
66 verbose headers   'x-served-by': 'cache-jfk1046-JFK',
66 verbose headers   'x-cache': 'HIT',
66 verbose headers   'x-cache-hits': '1',
66 verbose headers   'x-timer': 'S1461648155.207747,VS0,VE0',
66 verbose headers   vary: 'Accept-Encoding' }
67 silly get cb [ 304,
67 silly get   { date: 'Tue, 26 Apr 2016 05:22:35 GMT',
67 silly get     via: '1.1 varnish',
67 silly get     'cache-control': 'max-age=300',
67 silly get     etag: '"CKT2RJ5F04S2SDZESP3RMG1K1"',
67 silly get     age: '115',
67 silly get     connection: 'keep-alive',
67 silly get     'x-served-by': 'cache-jfk1046-JFK',
67 silly get     'x-cache': 'HIT',
67 silly get     'x-cache-hits': '1',
67 silly get     'x-timer': 'S1461648155.207747,VS0,VE0',
67 silly get     vary: 'Accept-Encoding' } ]
68 verbose etag https://registry.npmjs.org/body-parser from cache
69 verbose get saving body-parser to /home/moises/.npm/registry.npmjs.org/body-parser/.cache.json
70 verbose correctMkdir /home/moises/.npm correctMkdir not in flight; initializing
71 silly resolveWithNewModule body-parser@1.15.0 checking installable status
72 silly cache add args [ 'body-parser@^1.5.1', null ]
73 verbose cache add spec body-parser@^1.5.1
74 silly cache add parsed spec { raw: 'body-parser@^1.5.1',
74 silly cache add   scope: null,
74 silly cache add   name: 'body-parser',
74 silly cache add   rawSpec: '^1.5.1',
74 silly cache add   spec: '>=1.5.1 <2.0.0',
74 silly cache add   type: 'range' }
75 silly addNamed body-parser@>=1.5.1 <2.0.0
76 verbose addNamed ">=1.5.1 <2.0.0" is a valid semver range for body-parser
77 silly addNameRange { name: 'body-parser', range: '>=1.5.1 <2.0.0', hasData: false }
78 silly mapToRegistry name body-parser
79 silly mapToRegistry using default registry
80 silly mapToRegistry registry https://registry.npmjs.org/
81 silly mapToRegistry data { raw: 'body-parser',
81 silly mapToRegistry   scope: null,
81 silly mapToRegistry   name: 'body-parser',
81 silly mapToRegistry   rawSpec: '',
81 silly mapToRegistry   spec: 'latest',
81 silly mapToRegistry   type: 'tag' }
82 silly mapToRegistry uri https://registry.npmjs.org/body-parser
83 verbose addNameRange registry:https://registry.npmjs.org/body-parser not in flight; fetching
84 verbose get https://registry.npmjs.org/body-parser not expired, no request
85 silly addNameRange number 2 { name: 'body-parser', range: '>=1.5.1 <2.0.0', hasData: true }
86 silly addNameRange versions [ 'body-parser',
86 silly addNameRange   [ '1.0.0',
86 silly addNameRange     '1.0.1',
86 silly addNameRange     '1.0.2',
86 silly addNameRange     '1.1.0',
86 silly addNameRange     '1.1.1',
86 silly addNameRange     '1.1.2',
86 silly addNameRange     '1.2.0',
86 silly addNameRange     '1.2.1',
86 silly addNameRange     '1.2.2',
86 silly addNameRange     '1.3.0',
86 silly addNameRange     '1.3.1',
86 silly addNameRange     '1.4.0',
86 silly addNameRange     '1.4.1',
86 silly addNameRange     '1.4.2',
86 silly addNameRange     '1.4.3',
86 silly addNameRange     '1.5.0',
86 silly addNameRange     '1.5.1',
86 silly addNameRange     '1.5.2',
86 silly addNameRange     '1.6.0',
86 silly addNameRange     '1.6.1',
86 silly addNameRange     '1.6.2',
86 silly addNameRange     '1.6.3',
86 silly addNameRange     '1.6.4',
86 silly addNameRange     '1.6.5',
86 silly addNameRange     '1.6.6',
86 silly addNameRange     '1.6.7',
86 silly addNameRange     '1.7.0',
86 silly addNameRange     '1.8.0',
86 silly addNameRange     '1.8.1',
86 silly addNameRange     '1.8.2',
86 silly addNameRange     '1.8.3',
86 silly addNameRange     '1.8.4',
86 silly addNameRange     '1.9.0',
86 silly addNameRange     '1.9.1',
86 silly addNameRange     '1.9.2',
86 silly addNameRange     '1.9.3',
86 silly addNameRange     '1.10.0',
86 silly addNameRange     '1.10.1',
86 silly addNameRange     '1.10.2',
86 silly addNameRange     '1.11.0',
86 silly addNameRange     '1.12.0',
86 silly addNameRange     '1.12.1',
86 silly addNameRange     '1.12.2',
86 silly addNameRange     '1.12.3',
86 silly addNameRange     '1.12.4',
86 silly addNameRange     '1.13.0',
86 silly addNameRange     '1.13.1',
86 silly addNameRange     '1.13.2',
86 silly addNameRange     '1.13.3',
86 silly addNameRange     '1.14.0',
86 silly addNameRange     '1.14.1',
86 silly addNameRange     '1.14.2',
86 silly addNameRange     '1.15.0' ] ]
87 silly addNamed body-parser@1.15.0
88 verbose addNamed "1.15.0" is a plain semver version for body-parser
89 silly cache afterAdd body-parser@1.15.0
90 verbose afterAdd /home/moises/.npm/body-parser/1.15.0/package/package.json not in flight; writing
91 verbose correctMkdir /home/moises/.npm correctMkdir not in flight; initializing
92 verbose afterAdd /home/moises/.npm/body-parser/1.15.0/package/package.json written
93 http 304 https://registry.npmjs.org/mongoose
94 verbose headers { date: 'Tue, 26 Apr 2016 05:22:35 GMT',
94 verbose headers   via: '1.1 varnish',
94 verbose headers   'cache-control': 'max-age=300',
94 verbose headers   etag: '"CNZX1SGTS6MU2NMIJYOVXESSO"',
94 verbose headers   age: '243',
94 verbose headers   connection: 'keep-alive',
94 verbose headers   'x-served-by': 'cache-dfw1820-DFW',
94 verbose headers   'x-cache': 'HIT',
94 verbose headers   'x-cache-hits': '1',
94 verbose headers   'x-timer': 'S1461648155.263592,VS0,VE0',
94 verbose headers   vary: 'Accept-Encoding' }
95 silly get cb [ 304,
95 silly get   { date: 'Tue, 26 Apr 2016 05:22:35 GMT',
95 silly get     via: '1.1 varnish',
95 silly get     'cache-control': 'max-age=300',
95 silly get     etag: '"CNZX1SGTS6MU2NMIJYOVXESSO"',
95 silly get     age: '243',
95 silly get     connection: 'keep-alive',
95 silly get     'x-served-by': 'cache-dfw1820-DFW',
95 silly get     'x-cache': 'HIT',
95 silly get     'x-cache-hits': '1',
95 silly get     'x-timer': 'S1461648155.263592,VS0,VE0',
95 silly get     vary: 'Accept-Encoding' } ]
96 verbose etag https://registry.npmjs.org/mongoose from cache
97 verbose get saving mongoose to /home/moises/.npm/registry.npmjs.org/mongoose/.cache.json
98 verbose correctMkdir /home/moises/.npm correctMkdir not in flight; initializing
99 silly resolveWithNewModule mongoose@3.6.20 checking installable status
100 silly cache add args [ 'mongoose@~3.6.11', null ]
101 verbose cache add spec mongoose@~3.6.11
102 silly cache add parsed spec { raw: 'mongoose@~3.6.11',
102 silly cache add   scope: null,
102 silly cache add   name: 'mongoose',
102 silly cache add   rawSpec: '~3.6.11',
102 silly cache add   spec: '>=3.6.11 <3.7.0',
102 silly cache add   type: 'range' }
103 silly addNamed mongoose@>=3.6.11 <3.7.0
104 verbose addNamed ">=3.6.11 <3.7.0" is a valid semver range for mongoose
105 silly addNameRange { name: 'mongoose', range: '>=3.6.11 <3.7.0', hasData: false }
106 silly mapToRegistry name mongoose
107 silly mapToRegistry using default registry
108 silly mapToRegistry registry https://registry.npmjs.org/
109 silly mapToRegistry data { raw: 'mongoose',
109 silly mapToRegistry   scope: null,
109 silly mapToRegistry   name: 'mongoose',
109 silly mapToRegistry   rawSpec: '',
109 silly mapToRegistry   spec: 'latest',
109 silly mapToRegistry   type: 'tag' }
110 silly mapToRegistry uri https://registry.npmjs.org/mongoose
111 verbose addNameRange registry:https://registry.npmjs.org/mongoose not in flight; fetching
112 verbose get https://registry.npmjs.org/mongoose not expired, no request
113 silly addNameRange number 2 { name: 'mongoose', range: '>=3.6.11 <3.7.0', hasData: true }
114 silly addNameRange versions [ 'mongoose',
114 silly addNameRange   [ '0.0.1',
114 silly addNameRange     '0.0.2',
114 silly addNameRange     '0.0.3',
114 silly addNameRange     '0.0.4',
114 silly addNameRange     '0.0.5',
114 silly addNameRange     '1.0.0',
114 silly addNameRange     '1.0.1',
114 silly addNameRange     '1.0.2',
114 silly addNameRange     '0.0.6',
114 silly addNameRange     '1.0.3',
114 silly addNameRange     '1.0.4',
114 silly addNameRange     '1.0.5',
114 silly addNameRange     '1.0.6',
114 silly addNameRange     '1.0.7',
114 silly addNameRange     '1.0.8',
114 silly addNameRange     '1.0.10',
114 silly addNameRange     '1.0.11',
114 silly addNameRange     '1.0.12',
114 silly addNameRange     '1.0.13',
114 silly addNameRange     '1.0.14',
114 silly addNameRange     '1.0.15',
114 silly addNameRange     '1.0.16',
114 silly addNameRange     '1.1.0',
114 silly addNameRange     '1.1.1',
114 silly addNameRange     '1.1.2',
114 silly addNameRange     '1.1.3',
114 silly addNameRange     '1.1.4',
114 silly addNameRange     '1.1.5',
114 silly addNameRange     '1.1.6',
114 silly addNameRange     '1.1.7',
114 silly addNameRange     '1.1.8',
114 silly addNameRange     '1.1.9',
114 silly addNameRange     '1.1.10',
114 silly addNameRange     '1.1.11',
114 silly addNameRange     '1.1.12',
114 silly addNameRange     '1.1.13',
114 silly addNameRange     '1.1.14',
114 silly addNameRange     '1.1.15',
114 silly addNameRange     '1.1.16',
114 silly addNameRange     '1.1.17',
114 silly addNameRange     '1.1.18',
114 silly addNameRange     '1.1.19',
114 silly addNameRange     '1.1.20',
114 silly addNameRange     '1.1.21',
114 silly addNameRange     '1.1.22',
114 silly addNameRange     '1.1.23',
114 silly addNameRange     '1.1.24',
114 silly addNameRange     '1.1.25',
114 silly addNameRange     '1.2.0',
114 silly addNameRange     '1.3.0',
114 silly addNameRange     '1.3.1',
114 silly addNameRange     '1.3.2',
114 silly addNameRange     '1.3.3',
114 silly addNameRange     '1.3.4',
114 silly addNameRange     '1.3.5',
114 silly addNameRange     '1.3.6',
114 silly addNameRange     '1.3.7',
114 silly addNameRange     '1.4.0',
114 silly addNameRange     '1.5.0',
114 silly addNameRange     '1.6.0',
114 silly addNameRange     '1.7.2',
114 silly addNameRange     '1.7.3',
114 silly addNameRange     '1.7.4',
114 silly addNameRange     '1.8.0',
114 silly addNameRange     '1.8.1',
114 silly addNameRange     '1.8.2',
114 silly addNameRange     '1.8.3',
114 silly addNameRange     '1.8.4',
114 silly addNameRange     '2.0.0',
114 silly addNameRange     '2.0.1',
114 silly addNameRange     '2.0.2',
114 silly addNameRange     '2.0.3',
114 silly addNameRange     '2.0.4',
114 silly addNameRange     '2.1.0',
114 silly addNameRange     '2.1.1',
114 silly addNameRange     '2.1.2',
114 silly addNameRange     '2.1.3',
114 silly addNameRange     '2.1.4',
114 silly addNameRange     '2.2.0',
114 silly addNameRange     '2.2.1',
114 silly addNameRange     '2.2.2',
114 silly addNameRange     '2.2.3',
114 silly addNameRange     '2.2.4',
114 silly addNameRange     '2.3.0',
114 silly addNameRange     '2.3.1',
114 silly addNameRange     '2.3.2',
114 silly addNameRange     '2.3.3',
114 silly addNameRange     '2.3.4',
114 silly addNameRange     '2.3.5',
114 silly addNameRange     '2.3.6',
114 silly addNameRange     '2.3.7',
114 silly addNameRange     '2.3.8',
114 silly addNameRange     '2.3.9',
114 silly addNameRange     '2.3.10',
114 silly addNameRange     '2.3.11',
114 silly addNameRange     '2.3.12',
114 silly addNameRange     '2.3.13',
114 silly addNameRange     '2.4.0',
114 silly addNameRange     '2.4.1',
114 silly addNameRange     '2.4.2',
114 silly addNameRange     '2.4.3',
114 silly addNameRange     '2.4.4',
114 silly addNameRange     '2.4.5',
114 silly addNameRange     '2.4.6',
114 silly addNameRange     '2.4.7',
114 silly addNameRange     '2.4.8',
114 silly addNameRange     '2.4.9',
114 silly addNameRange     '2.4.10',
114 silly addNameRange     '2.5.0',
114 silly addNameRange     '2.5.1',
114 silly addNameRange     '2.5.2',
114 silly addNameRange     '2.5.3',
114 silly addNameRange     '2.5.4',
114 silly addNameRange     '2.5.5',
114 silly addNameRange     '2.5.6',
114 silly addNameRange     '2.5.7',
114 silly addNameRange     '2.5.8',
114 silly addNameRange     '2.5.9',
114 silly addNameRange     '2.5.10',
114 silly addNameRange     '2.5.11',
114 silly addNameRange     '2.5.12',
114 silly addNameRange     '2.5.13',
114 silly addNameRange     '2.5.14',
114 silly addNameRange     '2.6.0',
114 silly addNameRange     '2.6.1',
114 silly addNameRange     '2.6.2',
114 silly addNameRange     '2.6.3',
114 silly addNameRange     '2.6.4',
114 silly addNameRange     '2.6.5',
114 silly addNameRange     '2.6.6',
114 silly addNameRange     '2.6.7',
114 silly addNameRange     '2.6.8',
114 silly addNameRange     '2.7.0',
114 silly addNameRange     '2.7.1',
114 silly addNameRange     '2.7.2',
114 silly addNameRange     '2.7.4',
114 silly addNameRange     '2.7.3',
114 silly addNameRange     '3.0.0',
114 silly addNameRange     '3.0.1',
114 silly addNameRange     '3.0.2',
114 silly addNameRange     '2.8.0',
114 silly addNameRange     '3.0.3',
114 silly addNameRange     '3.1.0',
114 silly addNameRange     '2.8.1',
114 silly addNameRange     '3.1.1',
114 silly addNameRange     '2.8.2',
114 silly addNameRange     '2.8.3',
114 silly addNameRange     '2.9.0',
114 silly addNameRange     '3.2.0',
114 silly addNameRange     '2.9.1',
114 silly addNameRange     '3.2.1',
114 silly addNameRange     '2.9.2',
114 silly addNameRange     '3.2.2',
114 silly addNameRange     '3.3.0',
114 silly addNameRange     '3.3.1',
114 silly addNameRange     '2.9.3',
114 silly addNameRange     '3.4.0',
114 silly addNameRange     '2.9.4',
114 silly addNameRange     '2.9.5',
114 silly addNameRange     '3.5.0',
114 silly addNameRange     '3.5.1',
114 silly addNameRange     '3.5.2',
114 silly addNameRange     '3.5.3',
114 silly addNameRange     '2.9.6',
114 silly addNameRange     '2.9.7',
114 silly addNameRange     '3.5.4',
114 silly addNameRange     '3.5.5',
114 silly addNameRange     '2.9.8',
114 silly addNameRange     '2.9.9',
114 silly addNameRange     '3.5.6',
114 silly addNameRange     '3.5.7',
114 silly addNameRange     '3.5.8',
114 silly addNameRange     '2.9.10',
114 silly addNameRange     '3.5.9',
114 silly addNameRange     '3.6.2',
114 silly addNameRange     '3.5.10',
114 silly addNameRange     '3.6.3',
114 silly addNameRange     '3.5.11',
114 silly addNameRange     '3.6.4',
114 silly addNameRange     '3.6.5',
114 silly addNameRange     '3.6.6',
114 silly addNameRange     '3.6.7',
114 silly addNameRange     '3.5.12',
114 silly addNameRange     '3.6.8',
114 silly addNameRange     '3.6.9',
114 silly addNameRange     '3.6.10',
114 silly addNameRange     '3.5.13',
114 silly addNameRange     '3.5.14',
114 silly addNameRange     '3.6.11',
114 silly addNameRange     '3.6.12',
114 silly addNameRange     '3.6.13',
114 silly addNameRange     '3.6.14',
114 silly addNameRange     '3.6.15',
114 silly addNameRange     '3.5.15',
114 silly addNameRange     '3.7.0',
114 silly addNameRange     '3.6.16',
114 silly addNameRange     '3.5.16',
114 silly addNameRange     '3.6.17',
114 silly addNameRange     '3.7.2',
114 silly addNameRange     '3.0.0-alpha1',
114 silly addNameRange     '3.0.0-alpha2',
114 silly addNameRange     '3.0.0-rc0',
114 silly addNameRange     '3.6.0-rc0',
114 silly addNameRange     '3.6.0-rc1',
114 silly addNameRange     '3.6.18',
114 silly addNameRange     '3.7.3',
114 silly addNameRange     '3.6.19',
114 silly addNameRange     '3.6.20',
114 silly addNameRange     '3.7.4',
114 silly addNameRange     '3.8.0',
114 silly addNameRange     '3.8.1',
114 silly addNameRange     '3.8.2',
114 silly addNameRange     '3.8.3',
114 silly addNameRange     '3.8.4',
114 silly addNameRange     '3.8.5',
114 silly addNameRange     '3.8.6',
114 silly addNameRange     '3.8.7',
114 silly addNameRange     '3.8.8',
114 silly addNameRange     '3.8.9',
114 silly addNameRange     '3.8.10',
114 silly addNameRange     '3.8.11',
114 silly addNameRange     '3.9.0',
114 silly addNameRange     '3.8.12',
114 silly addNameRange     '3.8.13',
114 silly addNameRange     '3.8.14',
114 silly addNameRange     '3.8.15',
114 silly addNameRange     '3.9.1',
114 silly addNameRange     '3.8.16',
114 silly addNameRange     '3.9.2',
114 silly addNameRange     '3.8.17',
114 silly addNameRange     '3.9.3',
114 silly addNameRange     '3.8.18',
114 silly addNameRange     '3.9.4',
114 silly addNameRange     '3.8.19',
114 silly addNameRange     '3.9.5',
114 silly addNameRange     '3.8.20',
114 silly addNameRange     '3.9.6',
114 silly addNameRange     '3.8.21',
114 silly addNameRange     '3.9.7',
114 silly addNameRange     '3.8.22',
114 silly addNameRange     '4.0.0-rc0',
114 silly addNameRange     '4.0.0-rc1',
114 silly addNameRange     '3.8.23',
114 silly addNameRange     '4.0.0-rc2',
114 silly addNameRange     '3.8.24',
114 silly addNameRange     '4.0.0-rc3',
114 silly addNameRange     '3.8.25',
114 silly addNameRange     '4.0.0-rc4',
114 silly addNameRange     '4.0.0',
114 silly addNameRange     '4.0.1',
114 silly addNameRange     '3.8.26',
114 silly addNameRange     '3.8.27',
114 silly addNameRange     '4.0.2',
114 silly addNameRange     '3.8.28',
114 silly addNameRange     '4.0.3',
114 silly addNameRange     '3.8.29',
114 silly addNameRange     '4.0.4',
114 silly addNameRange     '3.8.30',
114 silly addNameRange     '4.0.5',
114 silly addNameRange     '3.8.31',
114 silly addNameRange     '4.0.6',
114 silly addNameRange     '3.8.33',
114 silly addNameRange     '4.0.7',
114 silly addNameRange     '3.8.34',
114 silly addNameRange     '4.0.8',
114 silly addNameRange     '4.1.0',
114 silly addNameRange     '4.1.1',
114 silly addNameRange     '4.1.2',
114 silly addNameRange     '3.8.35',
114 silly addNameRange     '4.1.3',
114 silly addNameRange     '4.1.5',
114 silly addNameRange     '4.1.6',
114 silly addNameRange     '4.1.7',
114 silly addNameRange     '4.1.8',
114 silly addNameRange     '4.1.9',
114 silly addNameRange     '4.1.10',
114 silly addNameRange     '4.1.11',
114 silly addNameRange     '3.8.36',
114 silly addNameRange     '4.1.12',
114 silly addNameRange     '4.2.0',
114 silly addNameRange     '4.2.1',
114 silly addNameRange     '4.2.2',
114 silly addNameRange     '4.2.3',
114 silly addNameRange     '4.2.4',
114 silly addNameRange     '4.2.5',
114 silly addNameRange     '3.8.37',
114 silly addNameRange     '4.2.6',
114 silly addNameRange     '4.2.7',
114 silly addNameRange     '4.2.8',
114 silly addNameRange     '4.2.9',
114 silly addNameRange     '4.2.10',
114 silly addNameRange     '4.3.0',
114 silly addNameRange     '4.3.1',
114 silly addNameRange     '4.3.2',
114 silly addNameRange     '4.3.3',
114 silly addNameRange     '4.3.4',
114 silly addNameRange     '3.8.38',
114 silly addNameRange     '4.3.5',
114 silly addNameRange     '4.3.6',
114 silly addNameRange     '3.8.39',
114 silly addNameRange     '4.3.7',
114 silly addNameRange     '4.4.0',
114 silly addNameRange     '4.4.1',
114 silly addNameRange     '4.4.2',
114 silly addNameRange     '4.4.3',
114 silly addNameRange     '4.4.4',
114 silly addNameRange     '4.4.5',
114 silly addNameRange     '4.4.6',
114 silly addNameRange     '4.4.7',
114 silly addNameRange     '4.4.8',
114 silly addNameRange     '4.4.9',
114 silly addNameRange     '4.4.10',
114 silly addNameRange     '4.4.11',
114 silly addNameRange     '4.4.12',
114 silly addNameRange     '4.4.13',
114 silly addNameRange     '3.8.40' ] ]
115 silly addNamed mongoose@3.6.20
116 verbose addNamed "3.6.20" is a plain semver version for mongoose
117 silly cache afterAdd mongoose@3.6.20
118 verbose afterAdd /home/moises/.npm/mongoose/3.6.20/package/package.json not in flight; writing
119 verbose correctMkdir /home/moises/.npm correctMkdir not in flight; initializing
120 verbose afterAdd /home/moises/.npm/mongoose/3.6.20/package/package.json written
121 http 304 https://registry.npmjs.org/method-override
122 verbose headers { date: 'Tue, 26 Apr 2016 05:22:35 GMT',
122 verbose headers   via: '1.1 varnish',
122 verbose headers   'cache-control': 'max-age=300',
122 verbose headers   etag: '"7S8ZVB40MDAQ7Z8SW67IWJ5S0"',
122 verbose headers   age: '206',
122 verbose headers   connection: 'keep-alive',
122 verbose headers   'x-served-by': 'cache-ord1729-ORD',
122 verbose headers   'x-cache': 'HIT',
122 verbose headers   'x-cache-hits': '1',
122 verbose headers   'x-timer': 'S1461648155.447800,VS0,VE0',
122 verbose headers   vary: 'Accept-Encoding' }
123 silly get cb [ 304,
123 silly get   { date: 'Tue, 26 Apr 2016 05:22:35 GMT',
123 silly get     via: '1.1 varnish',
123 silly get     'cache-control': 'max-age=300',
123 silly get     etag: '"7S8ZVB40MDAQ7Z8SW67IWJ5S0"',
123 silly get     age: '206',
123 silly get     connection: 'keep-alive',
123 silly get     'x-served-by': 'cache-ord1729-ORD',
123 silly get     'x-cache': 'HIT',
123 silly get     'x-cache-hits': '1',
123 silly get     'x-timer': 'S1461648155.447800,VS0,VE0',
123 silly get     vary: 'Accept-Encoding' } ]
124 verbose etag https://registry.npmjs.org/method-override from cache
125 verbose get saving method-override to /home/moises/.npm/registry.npmjs.org/method-override/.cache.json
126 verbose correctMkdir /home/moises/.npm correctMkdir not in flight; initializing
127 silly resolveWithNewModule method-override@2.3.5 checking installable status
128 silly cache add args [ 'method-override@^2.1.2', null ]
129 verbose cache add spec method-override@^2.1.2
130 silly cache add parsed spec { raw: 'method-override@^2.1.2',
130 silly cache add   scope: null,
130 silly cache add   name: 'method-override',
130 silly cache add   rawSpec: '^2.1.2',
130 silly cache add   spec: '>=2.1.2 <3.0.0',
130 silly cache add   type: 'range' }
131 silly addNamed method-override@>=2.1.2 <3.0.0
132 verbose addNamed ">=2.1.2 <3.0.0" is a valid semver range for method-override
133 silly addNameRange { name: 'method-override',
133 silly addNameRange   range: '>=2.1.2 <3.0.0',
133 silly addNameRange   hasData: false }
134 silly mapToRegistry name method-override
135 silly mapToRegistry using default registry
136 silly mapToRegistry registry https://registry.npmjs.org/
137 silly mapToRegistry data { raw: 'method-override',
137 silly mapToRegistry   scope: null,
137 silly mapToRegistry   name: 'method-override',
137 silly mapToRegistry   rawSpec: '',
137 silly mapToRegistry   spec: 'latest',
137 silly mapToRegistry   type: 'tag' }
138 silly mapToRegistry uri https://registry.npmjs.org/method-override
139 verbose addNameRange registry:https://registry.npmjs.org/method-override not in flight; fetching
140 verbose get https://registry.npmjs.org/method-override not expired, no request
141 silly addNameRange number 2 { name: 'method-override',
141 silly addNameRange   range: '>=2.1.2 <3.0.0',
141 silly addNameRange   hasData: true }
142 silly addNameRange versions [ 'method-override',
142 silly addNameRange   [ '1.0.0',
142 silly addNameRange     '1.0.1',
142 silly addNameRange     '1.0.2',
142 silly addNameRange     '2.0.0',
142 silly addNameRange     '2.0.1',
142 silly addNameRange     '2.0.2',
142 silly addNameRange     '2.1.0',
142 silly addNameRange     '2.1.1',
142 silly addNameRange     '2.1.2',
142 silly addNameRange     '2.1.3',
142 silly addNameRange     '2.2.0',
142 silly addNameRange     '2.3.0',
142 silly addNameRange     '2.3.1',
142 silly addNameRange     '2.3.2',
142 silly addNameRange     '2.3.3',
142 silly addNameRange     '2.3.4',
142 silly addNameRange     '2.3.5' ] ]
143 silly addNamed method-override@2.3.5
144 verbose addNamed "2.3.5" is a plain semver version for method-override
145 silly cache afterAdd method-override@2.3.5
146 verbose afterAdd /home/moises/.npm/method-override/2.3.5/package/package.json not in flight; writing
147 verbose correctMkdir /home/moises/.npm correctMkdir not in flight; initializing
148 verbose afterAdd /home/moises/.npm/method-override/2.3.5/package/package.json written
149 http 200 https://registry.npmjs.org/express
150 verbose headers { server: 'CouchDB/1.5.0 (Erlang OTP/R16B03)',
150 verbose headers   etag: '"A9EV165CBB56K3FK3KJLAVKRS"',
150 verbose headers   'content-type': 'application/json',
150 verbose headers   'content-encoding': 'gzip',
150 verbose headers   'cache-control': 'max-age=300',
150 verbose headers   'content-length': '54365',
150 verbose headers   'accept-ranges': 'bytes',
150 verbose headers   date: 'Tue, 26 Apr 2016 05:22:35 GMT',
150 verbose headers   via: '1.1 varnish',
150 verbose headers   age: '171',
150 verbose headers   connection: 'keep-alive',
150 verbose headers   'x-served-by': 'cache-dfw1843-DFW',
150 verbose headers   'x-cache': 'HIT',
150 verbose headers   'x-cache-hits': '1',
150 verbose headers   'x-timer': 'S1461648155.189362,VS0,VE0',
150 verbose headers   vary: 'Accept-Encoding' }
151 silly get cb [ 200,
151 silly get   { server: 'CouchDB/1.5.0 (Erlang OTP/R16B03)',
151 silly get     etag: '"A9EV165CBB56K3FK3KJLAVKRS"',
151 silly get     'content-type': 'application/json',
151 silly get     'content-encoding': 'gzip',
151 silly get     'cache-control': 'max-age=300',
151 silly get     'content-length': '54365',
151 silly get     'accept-ranges': 'bytes',
151 silly get     date: 'Tue, 26 Apr 2016 05:22:35 GMT',
151 silly get     via: '1.1 varnish',
151 silly get     age: '171',
151 silly get     connection: 'keep-alive',
151 silly get     'x-served-by': 'cache-dfw1843-DFW',
151 silly get     'x-cache': 'HIT',
151 silly get     'x-cache-hits': '1',
151 silly get     'x-timer': 'S1461648155.189362,VS0,VE0',
151 silly get     vary: 'Accept-Encoding' } ]
152 verbose get saving express to /home/moises/.npm/registry.npmjs.org/express/.cache.json
153 verbose correctMkdir /home/moises/.npm correctMkdir not in flight; initializing
154 silly resolveWithNewModule express@4.13.4 checking installable status
155 silly cache add args [ 'express@^4.7.1', null ]
156 verbose cache add spec express@^4.7.1
157 silly cache add parsed spec { raw: 'express@^4.7.1',
157 silly cache add   scope: null,
157 silly cache add   name: 'express',
157 silly cache add   rawSpec: '^4.7.1',
157 silly cache add   spec: '>=4.7.1 <5.0.0',
157 silly cache add   type: 'range' }
158 silly addNamed express@>=4.7.1 <5.0.0
159 verbose addNamed ">=4.7.1 <5.0.0" is a valid semver range for express
160 silly addNameRange { name: 'express', range: '>=4.7.1 <5.0.0', hasData: false }
161 silly mapToRegistry name express
162 silly mapToRegistry using default registry
163 silly mapToRegistry registry https://registry.npmjs.org/
164 silly mapToRegistry data { raw: 'express',
164 silly mapToRegistry   scope: null,
164 silly mapToRegistry   name: 'express',
164 silly mapToRegistry   rawSpec: '',
164 silly mapToRegistry   spec: 'latest',
164 silly mapToRegistry   type: 'tag' }
165 silly mapToRegistry uri https://registry.npmjs.org/express
166 verbose addNameRange registry:https://registry.npmjs.org/express not in flight; fetching
167 verbose get https://registry.npmjs.org/express not expired, no request
168 silly addNameRange number 2 { name: 'express', range: '>=4.7.1 <5.0.0', hasData: true }
169 silly addNameRange versions [ 'express',
169 silly addNameRange   [ '0.14.0',
169 silly addNameRange     '0.14.1',
169 silly addNameRange     '1.0.0',
169 silly addNameRange     '1.0.1',
169 silly addNameRange     '1.0.2',
169 silly addNameRange     '1.0.3',
169 silly addNameRange     '1.0.4',
169 silly addNameRange     '1.0.5',
169 silly addNameRange     '1.0.6',
169 silly addNameRange     '1.0.7',
169 silly addNameRange     '1.0.8',
169 silly addNameRange     '2.0.0',
169 silly addNameRange     '2.1.0',
169 silly addNameRange     '2.1.1',
169 silly addNameRange     '2.2.0',
169 silly addNameRange     '2.2.1',
169 silly addNameRange     '2.2.2',
169 silly addNameRange     '2.3.0',
169 silly addNameRange     '2.3.1',
169 silly addNameRange     '2.3.2',
169 silly addNameRange     '2.3.3',
169 silly addNameRange     '2.3.4',
169 silly addNameRange     '2.3.5',
169 silly addNameRange     '2.3.6',
169 silly addNameRange     '2.3.7',
169 silly addNameRange     '2.3.8',
169 silly addNameRange     '2.3.9',
169 silly addNameRange     '2.3.10',
169 silly addNameRange     '2.3.11',
169 silly addNameRange     '2.3.12',
169 silly addNameRange     '2.4.0',
169 silly addNameRange     '2.4.1',
169 silly addNameRange     '2.4.2',
169 silly addNameRange     '2.4.3',
169 silly addNameRange     '2.4.4',
169 silly addNameRange     '2.4.5',
169 silly addNameRange     '2.4.6',
169 silly addNameRange     '2.4.7',
169 silly addNameRange     '2.5.0',
169 silly addNameRange     '2.5.1',
169 silly addNameRange     '2.5.2',
169 silly addNameRange     '2.5.3',
169 silly addNameRange     '2.5.4',
169 silly addNameRange     '2.5.5',
169 silly addNameRange     '2.5.6',
169 silly addNameRange     '2.5.7',
169 silly addNameRange     '2.5.8',
169 silly addNameRange     '2.5.9',
169 silly addNameRange     '2.5.10',
169 silly addNameRange     '2.5.11',
169 silly addNameRange     '3.0.0',
169 silly addNameRange     '3.0.1',
169 silly addNameRange     '3.0.2',
169 silly addNameRange     '3.0.3',
169 silly addNameRange     '3.0.4',
169 silly addNameRange     '3.0.5',
169 silly addNameRange     '3.0.6',
169 silly addNameRange     '3.1.0',
169 silly addNameRange     '3.1.1',
169 silly addNameRange     '3.1.2',
169 silly addNameRange     '3.2.0',
169 silly addNameRange     '3.2.1',
169 silly addNameRange     '3.2.2',
169 silly addNameRange     '3.2.3',
169 silly addNameRange     '3.2.4',
169 silly addNameRange     '3.2.5',
169 silly addNameRange     '3.2.6',
169 silly addNameRange     '3.3.0',
169 silly addNameRange     '3.3.1',
169 silly addNameRange     '3.3.2',
169 silly addNameRange     '3.3.3',
169 silly addNameRange     '3.3.4',
169 silly addNameRange     '3.3.5',
169 silly addNameRange     '3.3.6',
169 silly addNameRange     '1.0.0-beta',
169 silly addNameRange     '1.0.0-beta2',
169 silly addNameRange     '1.0.0-rc',
169 silly addNameRange     '1.0.0-rc2',
169 silly addNameRange     '1.0.0-rc3',
169 silly addNameRange     '1.0.0-rc4',
169 silly addNameRange     '2.0.0-beta',
169 silly addNameRange     '2.0.0-beta2',
169 silly addNameRange     '2.0.0-beta3',
169 silly addNameRange     '2.0.0-rc',
169 silly addNameRange     '2.0.0-rc2',
169 silly addNameRange     '2.0.0-rc3',
169 silly addNameRange     '3.0.0-alpha1',
169 silly addNameRange     '3.0.0-alpha2',
169 silly addNameRange     '3.0.0-alpha3',
169 silly addNameRange     '3.0.0-alpha4',
169 silly addNameRange     '3.0.0-alpha5',
169 silly addNameRange     '3.0.0-beta1',
169 silly addNameRange     '3.0.0-beta2',
169 silly addNameRange     '3.0.0-beta3',
169 silly addNameRange     '3.0.0-beta4',
169 silly addNameRange     '3.0.0-beta6',
169 silly addNameRange     '3.0.0-beta7',
169 silly addNameRange     '3.0.0-rc1',
169 silly addNameRange     '3.0.0-rc2',
169 silly addNameRange     '3.0.0-rc3',
169 silly addNameRange     '3.0.0-rc4',
169 silly addNameRange     '3.0.0-rc5',
169 silly addNameRange     '3.3.7',
169 silly addNameRange     '3.3.8',
169 silly addNameRange     '3.4.0',
169 silly addNameRange     '3.4.1',
169 silly addNameRange     '3.4.2',
169 silly addNameRange     '3.4.3',
169 silly addNameRange     '3.4.4',
169 silly addNameRange     '3.4.5',
169 silly addNameRange     '3.4.6',
169 silly addNameRange     '3.4.7',
169 silly addNameRange     '3.4.8',
169 silly addNameRange     '4.0.0-rc1',
169 silly addNameRange     '4.0.0-rc2',
169 silly addNameRange     '3.5.0',
169 silly addNameRange     '4.0.0-rc3',
169 silly addNameRange     '4.0.0-rc4',
169 silly addNameRange     '3.5.1',
169 silly addNameRange     '4.0.0',
169 silly addNameRange     '3.5.2',
169 silly addNameRange     '4.1.0',
169 silly addNameRange     '4.1.1',
169 silly addNameRange     '3.5.3',
169 silly addNameRange     '4.1.2',
169 silly addNameRange     '3.6.0',
169 silly addNameRange     '4.2.0',
169 silly addNameRange     '3.7.0',
169 silly addNameRange     '3.8.0',
169 silly addNameRange     '4.3.0',
169 silly addNameRange     '4.3.1',
169 silly addNameRange     '3.8.1',
169 silly addNameRange     '4.3.2',
169 silly addNameRange     '3.9.0',
169 silly addNameRange     '4.4.0',
169 silly addNameRange     '4.4.1',
169 silly addNameRange     '3.10.0',
169 silly addNameRange     '3.10.1',
169 silly addNameRange     '3.10.2',
169 silly addNameRange     '3.10.3',
169 silly addNameRange     '3.10.4',
169 silly addNameRange     '4.4.2',
169 silly addNameRange     '3.10.5',
169 silly addNameRange     '4.4.3',
169 silly addNameRange     '3.11.0',
169 silly addNameRange     '4.4.4',
169 silly addNameRange     '3.12.0',
169 silly addNameRange     '3.12.1',
169 silly addNameRange     '4.4.5',
169 silly addNameRange     '3.13.0',
169 silly addNameRange     '4.5.0',
169 silly addNameRange     '4.5.1',
169 silly addNameRange     '3.14.0',
169 silly addNameRange     '4.6.0',
169 silly addNameRange     '4.6.1',
169 silly addNameRange     '3.15.0',
169 silly addNameRange     '4.7.0',
169 silly addNameRange     '3.15.1',
169 silly addNameRange     '4.7.1',
169 silly addNameRange     '3.15.2',
169 silly addNameRange     '4.7.2',
169 silly addNameRange     '4.7.3',
169 silly addNameRange     '3.15.3',
169 silly addNameRange     '4.7.4',
169 silly addNameRange     '3.16.0',
169 silly addNameRange     '4.8.0',
169 silly addNameRange     '3.16.1',
169 silly addNameRange     '4.8.1',
169 silly addNameRange     '3.16.2',
169 silly addNameRange     '4.8.2',
169 silly addNameRange     '3.16.3',
169 silly addNameRange     '3.16.4',
169 silly addNameRange     '4.8.3',
169 silly addNameRange     '3.16.5',
169 silly addNameRange     '3.16.6',
169 silly addNameRange     '4.8.4',
169 silly addNameRange     '3.16.7',
169 silly addNameRange     '4.8.5',
169 silly addNameRange     '3.16.8',
169 silly addNameRange     '4.8.6',
169 silly addNameRange     '3.16.9',
169 silly addNameRange     '4.8.7',
169 silly addNameRange     '3.16.10',
169 silly addNameRange     '4.8.8',
169 silly addNameRange     '3.17.0',
169 silly addNameRange     '3.17.1',
169 silly addNameRange     '4.9.0',
169 silly addNameRange     '3.17.2',
169 silly addNameRange     '4.9.1',
169 silly addNameRange     '4.9.2',
169 silly addNameRange     '3.17.3',
169 silly addNameRange     '4.9.3',
169 silly addNameRange     '3.17.4',
169 silly addNameRange     '4.9.4',
169 silly addNameRange     '3.17.5',
169 silly addNameRange     '4.9.5',
169 silly addNameRange     '3.17.6',
169 silly addNameRange     '3.17.7',
169 silly addNameRange     '4.9.6',
169 silly addNameRange     '4.9.7',
169 silly addNameRange     '3.17.8',
169 silly addNameRange     '4.9.8',
169 silly addNameRange     '3.18.0',
169 silly addNameRange     '3.18.1',
169 silly addNameRange     '4.10.0',
169 silly addNameRange     '3.18.2',
169 silly addNameRange     '4.10.1',
169 silly addNameRange     '5.0.0-alpha.1',
169 silly addNameRange     '3.18.3',
169 silly addNameRange     '4.10.2',
169 silly addNameRange     '3.18.4',
169 silly addNameRange     '4.10.3',
169 silly addNameRange     '4.10.4',
169 silly addNameRange     '4.10.5',
169 silly addNameRange     '3.18.5',
169 silly addNameRange     '3.18.6',
169 silly addNameRange     '4.10.6',
169 silly addNameRange     '4.10.7',
169 silly addNameRange     '3.19.0',
169 silly addNameRange     '4.10.8',
169 silly addNameRange     '4.11.0',
169 silly addNameRange     '3.19.1',
169 silly addNameRange     '4.11.1',
169 silly addNameRange     '3.19.2',
169 silly addNameRange     '4.11.2',
169 silly addNameRange     '3.20.0',
169 silly addNameRange     '4.12.0',
169 silly addNameRange     '3.20.1',
169 silly addNameRange     '4.12.1',
169 silly addNameRange     '4.12.2',
169 silly addNameRange     '3.20.2',
169 silly addNameRange     '4.12.3',
169 silly addNameRange     '3.20.3',
169 silly addNameRange     '4.12.4',
169 silly addNameRange     '3.21.0',
169 silly addNameRange     '4.13.0',
169 silly addNameRange     '3.21.1',
169 silly addNameRange     '4.13.1',
169 silly addNameRange     '5.0.0-alpha.2',
169 silly addNameRange     '3.21.2',
169 silly addNameRange     '4.13.2',
169 silly addNameRange     '4.13.3',
169 silly addNameRange     '4.13.4' ] ]
170 silly addNamed express@4.13.4
171 verbose addNamed "4.13.4" is a plain semver version for express
172 silly cache afterAdd express@4.13.4
173 verbose afterAdd /home/moises/.npm/express/4.13.4/package/package.json not in flight; writing
174 verbose correctMkdir /home/moises/.npm correctMkdir not in flight; initializing
175 verbose afterAdd /home/moises/.npm/express/4.13.4/package/package.json written
176 silly fetchNamedPackageData bytes
177 silly mapToRegistry name bytes
178 silly mapToRegistry using default registry
179 silly mapToRegistry registry https://registry.npmjs.org/
180 silly mapToRegistry data { raw: 'bytes',
180 silly mapToRegistry   scope: null,
180 silly mapToRegistry   name: 'bytes',
180 silly mapToRegistry   rawSpec: '',
180 silly mapToRegistry   spec: 'latest',
180 silly mapToRegistry   type: 'tag' }
181 silly mapToRegistry uri https://registry.npmjs.org/bytes
182 silly fetchNamedPackageData content-type
183 silly mapToRegistry name content-type
184 silly mapToRegistry using default registry
185 silly mapToRegistry registry https://registry.npmjs.org/
186 silly mapToRegistry data { raw: 'content-type',
186 silly mapToRegistry   scope: null,
186 silly mapToRegistry   name: 'content-type',
186 silly mapToRegistry   rawSpec: '',
186 silly mapToRegistry   spec: 'latest',
186 silly mapToRegistry   type: 'tag' }
187 silly mapToRegistry uri https://registry.npmjs.org/content-type
188 silly fetchNamedPackageData debug
189 silly mapToRegistry name debug
190 silly mapToRegistry using default registry
191 silly mapToRegistry registry https://registry.npmjs.org/
192 silly mapToRegistry data { raw: 'debug',
192 silly mapToRegistry   scope: null,
192 silly mapToRegistry   name: 'debug',
192 silly mapToRegistry   rawSpec: '',
192 silly mapToRegistry   spec: 'latest',
192 silly mapToRegistry   type: 'tag' }
193 silly mapToRegistry uri https://registry.npmjs.org/debug
194 silly fetchNamedPackageData depd
195 silly mapToRegistry name depd
196 silly mapToRegistry using default registry
197 silly mapToRegistry registry https://registry.npmjs.org/
198 silly mapToRegistry data { raw: 'depd',
198 silly mapToRegistry   scope: null,
198 silly mapToRegistry   name: 'depd',
198 silly mapToRegistry   rawSpec: '',
198 silly mapToRegistry   spec: 'latest',
198 silly mapToRegistry   type: 'tag' }
199 silly mapToRegistry uri https://registry.npmjs.org/depd
200 silly fetchNamedPackageData http-errors
201 silly mapToRegistry name http-errors
202 silly mapToRegistry using default registry
203 silly mapToRegistry registry https://registry.npmjs.org/
204 silly mapToRegistry data { raw: 'http-errors',
204 silly mapToRegistry   scope: null,
204 silly mapToRegistry   name: 'http-errors',
204 silly mapToRegistry   rawSpec: '',
204 silly mapToRegistry   spec: 'latest',
204 silly mapToRegistry   type: 'tag' }
205 silly mapToRegistry uri https://registry.npmjs.org/http-errors
206 silly fetchNamedPackageData iconv-lite
207 silly mapToRegistry name iconv-lite
208 silly mapToRegistry using default registry
209 silly mapToRegistry registry https://registry.npmjs.org/
210 silly mapToRegistry data { raw: 'iconv-lite',
210 silly mapToRegistry   scope: null,
210 silly mapToRegistry   name: 'iconv-lite',
210 silly mapToRegistry   rawSpec: '',
210 silly mapToRegistry   spec: 'latest',
210 silly mapToRegistry   type: 'tag' }
211 silly mapToRegistry uri https://registry.npmjs.org/iconv-lite
212 silly fetchNamedPackageData on-finished
213 silly mapToRegistry name on-finished
214 silly mapToRegistry using default registry
215 silly mapToRegistry registry https://registry.npmjs.org/
216 silly mapToRegistry data { raw: 'on-finished',
216 silly mapToRegistry   scope: null,
216 silly mapToRegistry   name: 'on-finished',
216 silly mapToRegistry   rawSpec: '',
216 silly mapToRegistry   spec: 'latest',
216 silly mapToRegistry   type: 'tag' }
217 silly mapToRegistry uri https://registry.npmjs.org/on-finished
218 silly fetchNamedPackageData qs
219 silly mapToRegistry name qs
220 silly mapToRegistry using default registry
221 silly mapToRegistry registry https://registry.npmjs.org/
222 silly mapToRegistry data { raw: 'qs',
222 silly mapToRegistry   scope: null,
222 silly mapToRegistry   name: 'qs',
222 silly mapToRegistry   rawSpec: '',
222 silly mapToRegistry   spec: 'latest',
222 silly mapToRegistry   type: 'tag' }
223 silly mapToRegistry uri https://registry.npmjs.org/qs
224 silly fetchNamedPackageData raw-body
225 silly mapToRegistry name raw-body
226 silly mapToRegistry using default registry
227 silly mapToRegistry registry https://registry.npmjs.org/
228 silly mapToRegistry data { raw: 'raw-body',
228 silly mapToRegistry   scope: null,
228 silly mapToRegistry   name: 'raw-body',
228 silly mapToRegistry   rawSpec: '',
228 silly mapToRegistry   spec: 'latest',
228 silly mapToRegistry   type: 'tag' }
229 silly mapToRegistry uri https://registry.npmjs.org/raw-body
230 silly fetchNamedPackageData type-is
231 silly mapToRegistry name type-is
232 silly mapToRegistry using default registry
233 silly mapToRegistry registry https://registry.npmjs.org/
234 silly mapToRegistry data { raw: 'type-is',
234 silly mapToRegistry   scope: null,
234 silly mapToRegistry   name: 'type-is',
234 silly mapToRegistry   rawSpec: '',
234 silly mapToRegistry   spec: 'latest',
234 silly mapToRegistry   type: 'tag' }
235 silly mapToRegistry uri https://registry.npmjs.org/type-is
236 verbose request uri https://registry.npmjs.org/bytes
237 verbose request no auth needed
238 info attempt registry request try #1 at 02:22:35
239 verbose etag "24WOW57DGT332LX53U8SSAWN"
240 http request GET https://registry.npmjs.org/bytes
241 verbose request uri https://registry.npmjs.org/content-type
242 verbose request no auth needed
243 info attempt registry request try #1 at 02:22:35
244 verbose etag "47J6RKVXRY0MARWDI3N08QX6R"
245 http request GET https://registry.npmjs.org/content-type
246 verbose request uri https://registry.npmjs.org/debug
247 verbose request no auth needed
248 info attempt registry request try #1 at 02:22:35
249 verbose etag "5M0TF2ZWOVR8K79SIZDZ0RRPG"
250 http request GET https://registry.npmjs.org/debug
251 verbose request uri https://registry.npmjs.org/depd
252 verbose request no auth needed
253 info attempt registry request try #1 at 02:22:35
254 verbose etag "2IUBEEQSLE6DHP0TKJC7QMY81"
255 http request GET https://registry.npmjs.org/depd
256 verbose request uri https://registry.npmjs.org/http-errors
257 verbose request no auth needed
258 info attempt registry request try #1 at 02:22:35
259 verbose etag "3801FZ63OYKH0MH30I8D9C66V"
260 http request GET https://registry.npmjs.org/http-errors
261 verbose request uri https://registry.npmjs.org/iconv-lite
262 verbose request no auth needed
263 info attempt registry request try #1 at 02:22:35
264 verbose etag "7AJK9OFDQY6LGFZTZNQRHZNCB"
265 http request GET https://registry.npmjs.org/iconv-lite
266 verbose request uri https://registry.npmjs.org/qs
267 verbose request no auth needed
268 info attempt registry request try #1 at 02:22:35
269 verbose etag "B0T1YHZIW2HJ8JNLNUVBOJNBN"
270 http request GET https://registry.npmjs.org/qs
271 verbose request uri https://registry.npmjs.org/on-finished
272 verbose request no auth needed
273 info attempt registry request try #1 at 02:22:35
274 verbose etag "5HI975RQQ4ZMWO79KX96Q7Y6V"
275 http request GET https://registry.npmjs.org/on-finished
276 verbose request uri https://registry.npmjs.org/type-is
277 verbose request no auth needed
278 info attempt registry request try #1 at 02:22:35
279 verbose etag "CGHVEK69AZAG02ITWCDPLXX05"
280 http request GET https://registry.npmjs.org/type-is
281 verbose request uri https://registry.npmjs.org/raw-body
282 verbose request no auth needed
283 info attempt registry request try #1 at 02:22:35
284 verbose etag "897QNKM874D04BICXQUFCUPEJ"
285 http request GET https://registry.npmjs.org/raw-body
286 http 200 https://registry.npmjs.org/bytes
287 verbose headers { server: 'CouchDB/1.5.0 (Erlang OTP/R16B03)',
287 verbose headers   etag: '"6IF0Z4B6290PH308UF57CVTXJ"',
287 verbose headers   'content-type': 'application/json',
287 verbose headers   'content-encoding': 'gzip',
287 verbose headers   'cache-control': 'max-age=300',
287 verbose headers   'content-length': '3880',
287 verbose headers   'accept-ranges': 'bytes',
287 verbose headers   date: 'Tue, 26 Apr 2016 05:22:36 GMT',
287 verbose headers   via: '1.1 varnish',
287 verbose headers   age: '72',
287 verbose headers   connection: 'keep-alive',
287 verbose headers   'x-served-by': 'cache-dfw1836-DFW',
287 verbose headers   'x-cache': 'HIT',
287 verbose headers   'x-cache-hits': '1',
287 verbose headers   'x-timer': 'S1461648156.562595,VS0,VE0',
287 verbose headers   vary: 'Accept-Encoding' }
288 silly get cb [ 200,
288 silly get   { server: 'CouchDB/1.5.0 (Erlang OTP/R16B03)',
288 silly get     etag: '"6IF0Z4B6290PH308UF57CVTXJ"',
288 silly get     'content-type': 'application/json',
288 silly get     'content-encoding': 'gzip',
288 silly get     'cache-control': 'max-age=300',
288 silly get     'content-length': '3880',
288 silly get     'accept-ranges': 'bytes',
288 silly get     date: 'Tue, 26 Apr 2016 05:22:36 GMT',
288 silly get     via: '1.1 varnish',
288 silly get     age: '72',
288 silly get     connection: 'keep-alive',
288 silly get     'x-served-by': 'cache-dfw1836-DFW',
288 silly get     'x-cache': 'HIT',
288 silly get     'x-cache-hits': '1',
288 silly get     'x-timer': 'S1461648156.562595,VS0,VE0',
288 silly get     vary: 'Accept-Encoding' } ]
289 verbose get saving bytes to /home/moises/.npm/registry.npmjs.org/bytes/.cache.json
290 verbose correctMkdir /home/moises/.npm correctMkdir not in flight; initializing
291 silly resolveWithNewModule bytes@2.2.0 checking installable status
292 silly cache add args [ 'bytes@2.2.0', null ]
293 verbose cache add spec bytes@2.2.0
294 silly cache add parsed spec { raw: 'bytes@2.2.0',
294 silly cache add   scope: null,
294 silly cache add   name: 'bytes',
294 silly cache add   rawSpec: '2.2.0',
294 silly cache add   spec: '2.2.0',
294 silly cache add   type: 'version' }
295 silly addNamed bytes@2.2.0
296 verbose addNamed "2.2.0" is a plain semver version for bytes
297 silly mapToRegistry name bytes
298 silly mapToRegistry using default registry
299 silly mapToRegistry registry https://registry.npmjs.org/
300 silly mapToRegistry data { raw: 'bytes',
300 silly mapToRegistry   scope: null,
300 silly mapToRegistry   name: 'bytes',
300 silly mapToRegistry   rawSpec: '',
300 silly mapToRegistry   spec: 'latest',
300 silly mapToRegistry   type: 'tag' }
301 silly mapToRegistry uri https://registry.npmjs.org/bytes
302 verbose addNameVersion registry:https://registry.npmjs.org/bytes not in flight; fetching
303 verbose get https://registry.npmjs.org/bytes not expired, no request
304 silly cache afterAdd bytes@2.2.0
305 verbose afterAdd /home/moises/.npm/bytes/2.2.0/package/package.json not in flight; writing
306 verbose correctMkdir /home/moises/.npm correctMkdir not in flight; initializing
307 verbose afterAdd /home/moises/.npm/bytes/2.2.0/package/package.json written
308 http 304 https://registry.npmjs.org/http-errors
309 verbose headers { date: 'Tue, 26 Apr 2016 05:22:36 GMT',
309 verbose headers   via: '1.1 varnish',
309 verbose headers   'cache-control': 'max-age=300',
309 verbose headers   etag: '"3801FZ63OYKH0MH30I8D9C66V"',
309 verbose headers   age: '5',
309 verbose headers   connection: 'keep-alive',
309 verbose headers   'x-served-by': 'cache-dfw1843-DFW',
309 verbose headers   'x-cache': 'HIT',
309 verbose headers   'x-cache-hits': '1',
309 verbose headers   'x-timer': 'S1461648156.806245,VS0,VE0',
309 verbose headers   vary: 'Accept-Encoding' }
310 silly get cb [ 304,
310 silly get   { date: 'Tue, 26 Apr 2016 05:22:36 GMT',
310 silly get     via: '1.1 varnish',
310 silly get     'cache-control': 'max-age=300',
310 silly get     etag: '"3801FZ63OYKH0MH30I8D9C66V"',
310 silly get     age: '5',
310 silly get     connection: 'keep-alive',
310 silly get     'x-served-by': 'cache-dfw1843-DFW',
310 silly get     'x-cache': 'HIT',
310 silly get     'x-cache-hits': '1',
310 silly get     'x-timer': 'S1461648156.806245,VS0,VE0',
310 silly get     vary: 'Accept-Encoding' } ]
311 verbose etag https://registry.npmjs.org/http-errors from cache
312 verbose get saving http-errors to /home/moises/.npm/registry.npmjs.org/http-errors/.cache.json
313 verbose correctMkdir /home/moises/.npm correctMkdir not in flight; initializing
314 silly resolveWithNewModule http-errors@1.4.0 checking installable status
315 silly cache add args [ 'http-errors@~1.4.0', null ]
316 verbose cache add spec http-errors@~1.4.0
317 silly cache add parsed spec { raw: 'http-errors@~1.4.0',
317 silly cache add   scope: null,
317 silly cache add   name: 'http-errors',
317 silly cache add   rawSpec: '~1.4.0',
317 silly cache add   spec: '>=1.4.0 <1.5.0',
317 silly cache add   type: 'range' }
318 silly addNamed http-errors@>=1.4.0 <1.5.0
319 verbose addNamed ">=1.4.0 <1.5.0" is a valid semver range for http-errors
320 silly addNameRange { name: 'http-errors', range: '>=1.4.0 <1.5.0', hasData: false }
321 silly mapToRegistry name http-errors
322 silly mapToRegistry using default registry
323 silly mapToRegistry registry https://registry.npmjs.org/
324 silly mapToRegistry data { raw: 'http-errors',
324 silly mapToRegistry   scope: null,
324 silly mapToRegistry   name: 'http-errors',
324 silly mapToRegistry   rawSpec: '',
324 silly mapToRegistry   spec: 'latest',
324 silly mapToRegistry   type: 'tag' }
325 silly mapToRegistry uri https://registry.npmjs.org/http-errors
326 verbose addNameRange registry:https://registry.npmjs.org/http-errors not in flight; fetching
327 verbose get https://registry.npmjs.org/http-errors not expired, no request
328 silly addNameRange number 2 { name: 'http-errors', range: '>=1.4.0 <1.5.0', hasData: true }
329 silly addNameRange versions [ 'http-errors',
329 silly addNameRange   [ '0.0.1',
329 silly addNameRange     '1.0.0',
329 silly addNameRange     '1.0.1',
329 silly addNameRange     '1.1.0',
329 silly addNameRange     '1.2.0',
329 silly addNameRange     '1.2.1',
329 silly addNameRange     '1.2.2',
329 silly addNameRange     '1.2.3',
329 silly addNameRange     '1.2.4',
329 silly addNameRange     '1.2.5',
329 silly addNameRange     '1.2.6',
329 silly addNameRange     '1.2.7',
329 silly addNameRange     '1.2.8',
329 silly addNameRange     '1.3.0',
329 silly addNameRange     '1.3.1',
329 silly addNameRange     '1.4.0' ] ]
330 silly addNamed http-errors@1.4.0
331 verbose addNamed "1.4.0" is a plain semver version for http-errors
332 silly mapToRegistry name http-errors
333 silly mapToRegistry using default registry
334 silly mapToRegistry registry https://registry.npmjs.org/
335 silly mapToRegistry data { raw: 'http-errors',
335 silly mapToRegistry   scope: null,
335 silly mapToRegistry   name: 'http-errors',
335 silly mapToRegistry   rawSpec: '',
335 silly mapToRegistry   spec: 'latest',
335 silly mapToRegistry   type: 'tag' }
336 silly mapToRegistry uri https://registry.npmjs.org/http-errors
337 verbose addRemoteTarball https://registry.npmjs.org/http-errors/-/http-errors-1.4.0.tgz not in flight; adding
338 verbose addRemoteTarball [ 'https://registry.npmjs.org/http-errors/-/http-errors-1.4.0.tgz',
338 verbose addRemoteTarball   '6c0242dea6b3df7afda153c71089b31c6e82aabf' ]
339 info retry fetch attempt 1 at 02:22:36
340 info attempt registry request try #1 at 02:22:36
341 http fetch GET https://registry.npmjs.org/http-errors/-/http-errors-1.4.0.tgz
342 http 304 https://registry.npmjs.org/content-type
343 verbose headers { date: 'Tue, 26 Apr 2016 05:22:36 GMT',
343 verbose headers   via: '1.1 varnish',
343 verbose headers   'cache-control': 'max-age=300',
343 verbose headers   etag: '"47J6RKVXRY0MARWDI3N08QX6R"',
343 verbose headers   age: '114',
343 verbose headers   connection: 'keep-alive',
343 verbose headers   'x-served-by': 'cache-dfw1832-DFW',
343 verbose headers   'x-cache': 'HIT',
343 verbose headers   'x-cache-hits': '2',
343 verbose headers   'x-timer': 'S1461648156.824582,VS0,VE0',
343 verbose headers   vary: 'Accept-Encoding' }
344 silly get cb [ 304,
344 silly get   { date: 'Tue, 26 Apr 2016 05:22:36 GMT',
344 silly get     via: '1.1 varnish',
344 silly get     'cache-control': 'max-age=300',
344 silly get     etag: '"47J6RKVXRY0MARWDI3N08QX6R"',
344 silly get     age: '114',
344 silly get     connection: 'keep-alive',
344 silly get     'x-served-by': 'cache-dfw1832-DFW',
344 silly get     'x-cache': 'HIT',
344 silly get     'x-cache-hits': '2',
344 silly get     'x-timer': 'S1461648156.824582,VS0,VE0',
344 silly get     vary: 'Accept-Encoding' } ]
345 verbose etag https://registry.npmjs.org/content-type from cache
346 verbose get saving content-type to /home/moises/.npm/registry.npmjs.org/content-type/.cache.json
347 verbose correctMkdir /home/moises/.npm correctMkdir not in flight; initializing
348 silly resolveWithNewModule content-type@1.0.1 checking installable status
349 silly cache add args [ 'content-type@~1.0.1', null ]
350 verbose cache add spec content-type@~1.0.1
351 silly cache add parsed spec { raw: 'content-type@~1.0.1',
351 silly cache add   scope: null,
351 silly cache add   name: 'content-type',
351 silly cache add   rawSpec: '~1.0.1',
351 silly cache add   spec: '>=1.0.1 <1.1.0',
351 silly cache add   type: 'range' }
352 silly addNamed content-type@>=1.0.1 <1.1.0
353 verbose addNamed ">=1.0.1 <1.1.0" is a valid semver range for content-type
354 silly addNameRange { name: 'content-type', range: '>=1.0.1 <1.1.0', hasData: false }
355 silly mapToRegistry name content-type
356 silly mapToRegistry using default registry
357 silly mapToRegistry registry https://registry.npmjs.org/
358 silly mapToRegistry data { raw: 'content-type',
358 silly mapToRegistry   scope: null,
358 silly mapToRegistry   name: 'content-type',
358 silly mapToRegistry   rawSpec: '',
358 silly mapToRegistry   spec: 'latest',
358 silly mapToRegistry   type: 'tag' }
359 silly mapToRegistry uri https://registry.npmjs.org/content-type
360 verbose addNameRange registry:https://registry.npmjs.org/content-type not in flight; fetching
361 verbose get https://registry.npmjs.org/content-type not expired, no request
362 silly addNameRange number 2 { name: 'content-type', range: '>=1.0.1 <1.1.0', hasData: true }
363 silly addNameRange versions [ 'content-type', [ '0.0.1', '1.0.0', '1.0.1' ] ]
364 silly addNamed content-type@1.0.1
365 verbose addNamed "1.0.1" is a plain semver version for content-type
366 silly cache afterAdd content-type@1.0.1
367 verbose afterAdd /home/moises/.npm/content-type/1.0.1/package/package.json not in flight; writing
368 verbose correctMkdir /home/moises/.npm correctMkdir not in flight; initializing
369 verbose afterAdd /home/moises/.npm/content-type/1.0.1/package/package.json written
370 http 304 https://registry.npmjs.org/debug
371 verbose headers { date: 'Tue, 26 Apr 2016 05:22:36 GMT',
371 verbose headers   via: '1.1 varnish',
371 verbose headers   'cache-control': 'max-age=300',
371 verbose headers   etag: '"5M0TF2ZWOVR8K79SIZDZ0RRPG"',
371 verbose headers   age: '203',
371 verbose headers   connection: 'keep-alive',
371 verbose headers   'x-served-by': 'cache-ord1746-ORD',
371 verbose headers   'x-cache': 'HIT',
371 verbose headers   'x-cache-hits': '7',
371 verbose headers   'x-timer': 'S1461648156.859589,VS0,VE0',
371 verbose headers   vary: 'Accept-Encoding' }
372 silly get cb [ 304,
372 silly get   { date: 'Tue, 26 Apr 2016 05:22:36 GMT',
372 silly get     via: '1.1 varnish',
372 silly get     'cache-control': 'max-age=300',
372 silly get     etag: '"5M0TF2ZWOVR8K79SIZDZ0RRPG"',
372 silly get     age: '203',
372 silly get     connection: 'keep-alive',
372 silly get     'x-served-by': 'cache-ord1746-ORD',
372 silly get     'x-cache': 'HIT',
372 silly get     'x-cache-hits': '7',
372 silly get     'x-timer': 'S1461648156.859589,VS0,VE0',
372 silly get     vary: 'Accept-Encoding' } ]
373 verbose etag https://registry.npmjs.org/debug from cache
374 verbose get saving debug to /home/moises/.npm/registry.npmjs.org/debug/.cache.json
375 verbose correctMkdir /home/moises/.npm correctMkdir not in flight; initializing
376 silly resolveWithNewModule debug@2.2.0 checking installable status
377 silly cache add args [ 'debug@~2.2.0', null ]
378 verbose cache add spec debug@~2.2.0
379 silly cache add parsed spec { raw: 'debug@~2.2.0',
379 silly cache add   scope: null,
379 silly cache add   name: 'debug',
379 silly cache add   rawSpec: '~2.2.0',
379 silly cache add   spec: '>=2.2.0 <2.3.0',
379 silly cache add   type: 'range' }
380 silly addNamed debug@>=2.2.0 <2.3.0
381 verbose addNamed ">=2.2.0 <2.3.0" is a valid semver range for debug
382 silly addNameRange { name: 'debug', range: '>=2.2.0 <2.3.0', hasData: false }
383 silly mapToRegistry name debug
384 silly mapToRegistry using default registry
385 silly mapToRegistry registry https://registry.npmjs.org/
386 silly mapToRegistry data { raw: 'debug',
386 silly mapToRegistry   scope: null,
386 silly mapToRegistry   name: 'debug',
386 silly mapToRegistry   rawSpec: '',
386 silly mapToRegistry   spec: 'latest',
386 silly mapToRegistry   type: 'tag' }
387 silly mapToRegistry uri https://registry.npmjs.org/debug
388 verbose addNameRange registry:https://registry.npmjs.org/debug not in flight; fetching
389 verbose get https://registry.npmjs.org/debug not expired, no request
390 silly addNameRange number 2 { name: 'debug', range: '>=2.2.0 <2.3.0', hasData: true }
391 silly addNameRange versions [ 'debug',
391 silly addNameRange   [ '0.0.1',
391 silly addNameRange     '0.1.0',
391 silly addNameRange     '0.2.0',
391 silly addNameRange     '0.3.0',
391 silly addNameRange     '0.4.0',
391 silly addNameRange     '0.4.1',
391 silly addNameRange     '0.5.0',
391 silly addNameRange     '0.6.0',
391 silly addNameRange     '0.7.0',
391 silly addNameRange     '0.7.1',
391 silly addNameRange     '0.7.2',
391 silly addNameRange     '0.7.3',
391 silly addNameRange     '0.7.4',
391 silly addNameRange     '0.8.0',
391 silly addNameRange     '0.8.1',
391 silly addNameRange     '1.0.0',
391 silly addNameRange     '1.0.1',
391 silly addNameRange     '1.0.2',
391 silly addNameRange     '1.0.3',
391 silly addNameRange     '1.0.4',
391 silly addNameRange     '2.0.0',
391 silly addNameRange     '2.1.0',
391 silly addNameRange     '2.1.1',
391 silly addNameRange     '2.1.2',
391 silly addNameRange     '2.1.3',
391 silly addNameRange     '2.2.0' ] ]
392 silly addNamed debug@2.2.0
393 verbose addNamed "2.2.0" is a plain semver version for debug
394 silly cache afterAdd debug@2.2.0
395 verbose afterAdd /home/moises/.npm/debug/2.2.0/package/package.json not in flight; writing
396 verbose correctMkdir /home/moises/.npm correctMkdir not in flight; initializing
397 verbose afterAdd /home/moises/.npm/debug/2.2.0/package/package.json written
398 http 304 https://registry.npmjs.org/depd
399 verbose headers { date: 'Tue, 26 Apr 2016 05:22:36 GMT',
399 verbose headers   via: '1.1 varnish',
399 verbose headers   'cache-control': 'max-age=300',
399 verbose headers   etag: '"2IUBEEQSLE6DHP0TKJC7QMY81"',
399 verbose headers   age: '61',
399 verbose headers   connection: 'keep-alive',
399 verbose headers   'x-served-by': 'cache-ord1724-ORD',
399 verbose headers   'x-cache': 'HIT',
399 verbose headers   'x-cache-hits': '1',
399 verbose headers   'x-timer': 'S1461648156.880825,VS0,VE0',
399 verbose headers   vary: 'Accept-Encoding' }
400 silly get cb [ 304,
400 silly get   { date: 'Tue, 26 Apr 2016 05:22:36 GMT',
400 silly get     via: '1.1 varnish',
400 silly get     'cache-control': 'max-age=300',
400 silly get     etag: '"2IUBEEQSLE6DHP0TKJC7QMY81"',
400 silly get     age: '61',
400 silly get     connection: 'keep-alive',
400 silly get     'x-served-by': 'cache-ord1724-ORD',
400 silly get     'x-cache': 'HIT',
400 silly get     'x-cache-hits': '1',
400 silly get     'x-timer': 'S1461648156.880825,VS0,VE0',
400 silly get     vary: 'Accept-Encoding' } ]
401 verbose etag https://registry.npmjs.org/depd from cache
402 verbose get saving depd to /home/moises/.npm/registry.npmjs.org/depd/.cache.json
403 verbose correctMkdir /home/moises/.npm correctMkdir not in flight; initializing
404 silly resolveWithNewModule depd@1.1.0 checking installable status
405 silly cache add args [ 'depd@~1.1.0', null ]
406 verbose cache add spec depd@~1.1.0
407 silly cache add parsed spec { raw: 'depd@~1.1.0',
407 silly cache add   scope: null,
407 silly cache add   name: 'depd',
407 silly cache add   rawSpec: '~1.1.0',
407 silly cache add   spec: '>=1.1.0 <1.2.0',
407 silly cache add   type: 'range' }
408 silly addNamed depd@>=1.1.0 <1.2.0
409 verbose addNamed ">=1.1.0 <1.2.0" is a valid semver range for depd
410 silly addNameRange { name: 'depd', range: '>=1.1.0 <1.2.0', hasData: false }
411 silly mapToRegistry name depd
412 silly mapToRegistry using default registry
413 silly mapToRegistry registry https://registry.npmjs.org/
414 silly mapToRegistry data { raw: 'depd',
414 silly mapToRegistry   scope: null,
414 silly mapToRegistry   name: 'depd',
414 silly mapToRegistry   rawSpec: '',
414 silly mapToRegistry   spec: 'latest',
414 silly mapToRegistry   type: 'tag' }
415 silly mapToRegistry uri https://registry.npmjs.org/depd
416 verbose addNameRange registry:https://registry.npmjs.org/depd not in flight; fetching
417 verbose get https://registry.npmjs.org/depd not expired, no request
418 silly addNameRange number 2 { name: 'depd', range: '>=1.1.0 <1.2.0', hasData: true }
419 silly addNameRange versions [ 'depd',
419 silly addNameRange   [ '0.0.0',
419 silly addNameRange     '0.0.1',
419 silly addNameRange     '0.1.0',
419 silly addNameRange     '0.2.0',
419 silly addNameRange     '0.3.0',
419 silly addNameRange     '0.4.0',
419 silly addNameRange     '0.4.1',
419 silly addNameRange     '0.4.2',
419 silly addNameRange     '0.4.3',
419 silly addNameRange     '0.4.4',
419 silly addNameRange     '0.4.5',
419 silly addNameRange     '1.0.0',
419 silly addNameRange     '1.0.1',
419 silly addNameRange     '1.1.0' ] ]
420 silly addNamed depd@1.1.0
421 verbose addNamed "1.1.0" is a plain semver version for depd
422 silly cache afterAdd depd@1.1.0
423 verbose afterAdd /home/moises/.npm/depd/1.1.0/package/package.json not in flight; writing
424 verbose correctMkdir /home/moises/.npm correctMkdir not in flight; initializing
425 verbose afterAdd /home/moises/.npm/depd/1.1.0/package/package.json written
426 http 200 https://registry.npmjs.org/raw-body
427 verbose headers { server: 'CouchDB/1.5.0 (Erlang OTP/R16B03)',
427 verbose headers   etag: '"3MD9WDRKA9PJMEID53581H9C5"',
427 verbose headers   'content-type': 'application/json',
427 verbose headers   'content-encoding': 'gzip',
427 verbose headers   'cache-control': 'max-age=300',
427 verbose headers   'content-length': '7222',
427 verbose headers   'accept-ranges': 'bytes',
427 verbose headers   date: 'Tue, 26 Apr 2016 05:22:36 GMT',
427 verbose headers   via: '1.1 varnish',
427 verbose headers   age: '47',
427 verbose headers   connection: 'keep-alive',
427 verbose headers   'x-served-by': 'cache-dfw1842-DFW',
427 verbose headers   'x-cache': 'HIT',
427 verbose headers   'x-cache-hits': '1',
427 verbose headers   'x-timer': 'S1461648156.894459,VS0,VE0',
427 verbose headers   vary: 'Accept-Encoding' }
428 silly get cb [ 200,
428 silly get   { server: 'CouchDB/1.5.0 (Erlang OTP/R16B03)',
428 silly get     etag: '"3MD9WDRKA9PJMEID53581H9C5"',
428 silly get     'content-type': 'application/json',
428 silly get     'content-encoding': 'gzip',
428 silly get     'cache-control': 'max-age=300',
428 silly get     'content-length': '7222',
428 silly get     'accept-ranges': 'bytes',
428 silly get     date: 'Tue, 26 Apr 2016 05:22:36 GMT',
428 silly get     via: '1.1 varnish',
428 silly get     age: '47',
428 silly get     connection: 'keep-alive',
428 silly get     'x-served-by': 'cache-dfw1842-DFW',
428 silly get     'x-cache': 'HIT',
428 silly get     'x-cache-hits': '1',
428 silly get     'x-timer': 'S1461648156.894459,VS0,VE0',
428 silly get     vary: 'Accept-Encoding' } ]
429 verbose get saving raw-body to /home/moises/.npm/registry.npmjs.org/raw-body/.cache.json
430 verbose correctMkdir /home/moises/.npm correctMkdir not in flight; initializing
431 silly resolveWithNewModule raw-body@2.1.6 checking installable status
432 silly cache add args [ 'raw-body@~2.1.5', null ]
433 verbose cache add spec raw-body@~2.1.5
434 silly cache add parsed spec { raw: 'raw-body@~2.1.5',
434 silly cache add   scope: null,
434 silly cache add   name: 'raw-body',
434 silly cache add   rawSpec: '~2.1.5',
434 silly cache add   spec: '>=2.1.5 <2.2.0',
434 silly cache add   type: 'range' }
435 silly addNamed raw-body@>=2.1.5 <2.2.0
436 verbose addNamed ">=2.1.5 <2.2.0" is a valid semver range for raw-body
437 silly addNameRange { name: 'raw-body', range: '>=2.1.5 <2.2.0', hasData: false }
438 silly mapToRegistry name raw-body
439 silly mapToRegistry using default registry
440 silly mapToRegistry registry https://registry.npmjs.org/
441 silly mapToRegistry data { raw: 'raw-body',
441 silly mapToRegistry   scope: null,
441 silly mapToRegistry   name: 'raw-body',
441 silly mapToRegistry   rawSpec: '',
441 silly mapToRegistry   spec: 'latest',
441 silly mapToRegistry   type: 'tag' }
442 silly mapToRegistry uri https://registry.npmjs.org/raw-body
443 verbose addNameRange registry:https://registry.npmjs.org/raw-body not in flight; fetching
444 verbose get https://registry.npmjs.org/raw-body not expired, no request
445 silly addNameRange number 2 { name: 'raw-body', range: '>=2.1.5 <2.2.0', hasData: true }
446 silly addNameRange versions [ 'raw-body',
446 silly addNameRange   [ '0.0.1',
446 silly addNameRange     '0.0.2',
446 silly addNameRange     '0.0.3',
446 silly addNameRange     '0.1.0',
446 silly addNameRange     '0.1.1',
446 silly addNameRange     '0.2.0',
446 silly addNameRange     '1.0.0',
446 silly addNameRange     '1.0.1',
446 silly addNameRange     '1.1.0',
446 silly addNameRange     '1.1.1',
446 silly addNameRange     '1.1.2',
446 silly addNameRange     '1.1.3',
446 silly addNameRange     '1.1.4',
446 silly addNameRange     '1.1.5',
446 silly addNameRange     '1.1.6',
446 silly addNameRange     '1.1.7',
446 silly addNameRange     '1.2.0',
446 silly addNameRange     '1.2.1',
446 silly addNameRange     '1.2.2',
446 silly addNameRange     '1.2.3',
446 silly addNameRange     '1.3.0',
446 silly addNameRange     '1.3.1',
446 silly addNameRange     '1.3.2',
446 silly addNameRange     '1.3.3',
446 silly addNameRange     '1.3.4',
446 silly addNameRange     '2.0.0',
446 silly addNameRange     '2.0.1',
446 silly addNameRange     '2.0.2',
446 silly addNameRange     '2.1.0',
446 silly addNameRange     '2.1.1',
446 silly addNameRange     '2.1.2',
446 silly addNameRange     '2.1.3',
446 silly addNameRange     '2.1.4',
446 silly addNameRange     '2.1.5',
446 silly addNameRange     '2.1.6' ] ]
447 silly addNamed raw-body@2.1.6
448 verbose addNamed "2.1.6" is a plain semver version for raw-body
449 silly cache afterAdd raw-body@2.1.6
450 verbose afterAdd /home/moises/.npm/raw-body/2.1.6/package/package.json not in flight; writing
451 verbose correctMkdir /home/moises/.npm correctMkdir not in flight; initializing
452 verbose afterAdd /home/moises/.npm/raw-body/2.1.6/package/package.json written
453 http 304 https://registry.npmjs.org/qs
454 verbose headers { date: 'Tue, 26 Apr 2016 05:22:37 GMT',
454 verbose headers   via: '1.1 varnish',
454 verbose headers   'cache-control': 'max-age=300',
454 verbose headers   etag: '"B0T1YHZIW2HJ8JNLNUVBOJNBN"',
454 verbose headers   age: '193',
454 verbose headers   connection: 'keep-alive',
454 verbose headers   'x-served-by': 'cache-jfk1047-JFK',
454 verbose headers   'x-cache': 'HIT',
454 verbose headers   'x-cache-hits': '11',
454 verbose headers   'x-timer': 'S1461648157.030824,VS0,VE0',
454 verbose headers   vary: 'Accept-Encoding' }
455 silly get cb [ 304,
455 silly get   { date: 'Tue, 26 Apr 2016 05:22:37 GMT',
455 silly get     via: '1.1 varnish',
455 silly get     'cache-control': 'max-age=300',
455 silly get     etag: '"B0T1YHZIW2HJ8JNLNUVBOJNBN"',
455 silly get     age: '193',
455 silly get     connection: 'keep-alive',
455 silly get     'x-served-by': 'cache-jfk1047-JFK',
455 silly get     'x-cache': 'HIT',
455 silly get     'x-cache-hits': '11',
455 silly get     'x-timer': 'S1461648157.030824,VS0,VE0',
455 silly get     vary: 'Accept-Encoding' } ]
456 verbose etag https://registry.npmjs.org/qs from cache
457 verbose get saving qs to /home/moises/.npm/registry.npmjs.org/qs/.cache.json
458 verbose correctMkdir /home/moises/.npm correctMkdir not in flight; initializing
459 silly resolveWithNewModule qs@6.1.0 checking installable status
460 silly cache add args [ 'qs@6.1.0', null ]
461 verbose cache add spec qs@6.1.0
462 silly cache add parsed spec { raw: 'qs@6.1.0',
462 silly cache add   scope: null,
462 silly cache add   name: 'qs',
462 silly cache add   rawSpec: '6.1.0',
462 silly cache add   spec: '6.1.0',
462 silly cache add   type: 'version' }
463 silly addNamed qs@6.1.0
464 verbose addNamed "6.1.0" is a plain semver version for qs
465 silly mapToRegistry name qs
466 silly mapToRegistry using default registry
467 silly mapToRegistry registry https://registry.npmjs.org/
468 silly mapToRegistry data { raw: 'qs',
468 silly mapToRegistry   scope: null,
468 silly mapToRegistry   name: 'qs',
468 silly mapToRegistry   rawSpec: '',
468 silly mapToRegistry   spec: 'latest',
468 silly mapToRegistry   type: 'tag' }
469 silly mapToRegistry uri https://registry.npmjs.org/qs
470 verbose addNameVersion registry:https://registry.npmjs.org/qs not in flight; fetching
471 verbose get https://registry.npmjs.org/qs not expired, no request
472 silly mapToRegistry name qs
473 silly mapToRegistry using default registry
474 silly mapToRegistry registry https://registry.npmjs.org/
475 silly mapToRegistry data { raw: 'qs',
475 silly mapToRegistry   scope: null,
475 silly mapToRegistry   name: 'qs',
475 silly mapToRegistry   rawSpec: '',
475 silly mapToRegistry   spec: 'latest',
475 silly mapToRegistry   type: 'tag' }
476 silly mapToRegistry uri https://registry.npmjs.org/qs
477 verbose addRemoteTarball https://registry.npmjs.org/qs/-/qs-6.1.0.tgz not in flight; adding
478 verbose addRemoteTarball [ 'https://registry.npmjs.org/qs/-/qs-6.1.0.tgz',
478 verbose addRemoteTarball   'ec1d1626b24278d99f0fdf4549e524e24eceeb26' ]
479 info retry fetch attempt 1 at 02:22:37
480 info attempt registry request try #1 at 02:22:37
481 http fetch GET https://registry.npmjs.org/qs/-/qs-6.1.0.tgz
482 http 304 https://registry.npmjs.org/type-is
483 verbose headers { date: 'Tue, 26 Apr 2016 05:22:36 GMT',
483 verbose headers   via: '1.1 varnish',
483 verbose headers   'cache-control': 'max-age=300',
483 verbose headers   etag: '"CGHVEK69AZAG02ITWCDPLXX05"',
483 verbose headers   age: '0',
483 verbose headers   connection: 'keep-alive',
483 verbose headers   'x-served-by': 'cache-dfw1837-DFW',
483 verbose headers   'x-cache': 'MISS',
483 verbose headers   'x-cache-hits': '0',
483 verbose headers   'x-timer': 'S1461648156.834087,VS0,VE262',
483 verbose headers   vary: 'Accept-Encoding' }
484 silly get cb [ 304,
484 silly get   { date: 'Tue, 26 Apr 2016 05:22:36 GMT',
484 silly get     via: '1.1 varnish',
484 silly get     'cache-control': 'max-age=300',
484 silly get     etag: '"CGHVEK69AZAG02ITWCDPLXX05"',
484 silly get     age: '0',
484 silly get     connection: 'keep-alive',
484 silly get     'x-served-by': 'cache-dfw1837-DFW',
484 silly get     'x-cache': 'MISS',
484 silly get     'x-cache-hits': '0',
484 silly get     'x-timer': 'S1461648156.834087,VS0,VE262',
484 silly get     vary: 'Accept-Encoding' } ]
485 verbose etag https://registry.npmjs.org/type-is from cache
486 verbose get saving type-is to /home/moises/.npm/registry.npmjs.org/type-is/.cache.json
487 verbose correctMkdir /home/moises/.npm correctMkdir not in flight; initializing
488 silly resolveWithNewModule type-is@1.6.12 checking installable status
489 silly cache add args [ 'type-is@~1.6.11', null ]
490 verbose cache add spec type-is@~1.6.11
491 silly cache add parsed spec { raw: 'type-is@~1.6.11',
491 silly cache add   scope: null,
491 silly cache add   name: 'type-is',
491 silly cache add   rawSpec: '~1.6.11',
491 silly cache add   spec: '>=1.6.11 <1.7.0',
491 silly cache add   type: 'range' }
492 silly addNamed type-is@>=1.6.11 <1.7.0
493 verbose addNamed ">=1.6.11 <1.7.0" is a valid semver range for type-is
494 silly addNameRange { name: 'type-is', range: '>=1.6.11 <1.7.0', hasData: false }
495 silly mapToRegistry name type-is
496 silly mapToRegistry using default registry
497 silly mapToRegistry registry https://registry.npmjs.org/
498 silly mapToRegistry data { raw: 'type-is',
498 silly mapToRegistry   scope: null,
498 silly mapToRegistry   name: 'type-is',
498 silly mapToRegistry   rawSpec: '',
498 silly mapToRegistry   spec: 'latest',
498 silly mapToRegistry   type: 'tag' }
499 silly mapToRegistry uri https://registry.npmjs.org/type-is
500 verbose addNameRange registry:https://registry.npmjs.org/type-is not in flight; fetching
501 verbose get https://registry.npmjs.org/type-is not expired, no request
502 silly addNameRange number 2 { name: 'type-is', range: '>=1.6.11 <1.7.0', hasData: true }
503 silly addNameRange versions [ 'type-is',
503 silly addNameRange   [ '1.0.0',
503 silly addNameRange     '1.0.1',
503 silly addNameRange     '1.1.0',
503 silly addNameRange     '1.2.0',
503 silly addNameRange     '1.2.1',
503 silly addNameRange     '1.2.2',
503 silly addNameRange     '1.3.0',
503 silly addNameRange     '1.3.1',
503 silly addNameRange     '1.3.2',
503 silly addNameRange     '1.4.0',
503 silly addNameRange     '1.5.0',
503 silly addNameRange     '1.5.1',
503 silly addNameRange     '1.5.2',
503 silly addNameRange     '1.5.3',
503 silly addNameRange     '1.5.4',
503 silly addNameRange     '1.5.5',
503 silly addNameRange     '1.5.6',
503 silly addNameRange     '1.5.7',
503 silly addNameRange     '1.6.0',
503 silly addNameRange     '1.6.1',
503 silly addNameRange     '1.6.2',
503 silly addNameRange     '1.6.3',
503 silly addNameRange     '1.6.4',
503 silly addNameRange     '1.6.5',
503 silly addNameRange     '1.6.6',
503 silly addNameRange     '1.6.7',
503 silly addNameRange     '1.6.8',
503 silly addNameRange     '1.6.9',
503 silly addNameRange     '1.6.10',
503 silly addNameRange     '1.6.11',
503 silly addNameRange     '1.6.12' ] ]
504 silly addNamed type-is@1.6.12
505 verbose addNamed "1.6.12" is a plain semver version for type-is
506 silly cache afterAdd type-is@1.6.12
507 verbose afterAdd /home/moises/.npm/type-is/1.6.12/package/package.json not in flight; writing
508 verbose correctMkdir /home/moises/.npm correctMkdir not in flight; initializing
509 verbose afterAdd /home/moises/.npm/type-is/1.6.12/package/package.json written
510 http 304 https://registry.npmjs.org/iconv-lite
511 verbose headers { date: 'Tue, 26 Apr 2016 05:22:37 GMT',
511 verbose headers   via: '1.1 varnish',
511 verbose headers   'cache-control': 'max-age=300',
511 verbose headers   etag: '"7AJK9OFDQY6LGFZTZNQRHZNCB"',
511 verbose headers   age: '72',
511 verbose headers   connection: 'keep-alive',
511 verbose headers   'x-served-by': 'cache-atl6246-ATL',
511 verbose headers   'x-cache': 'HIT',
511 verbose headers   'x-cache-hits': '2',
511 verbose headers   'x-timer': 'S1461648157.122939,VS0,VE0',
511 verbose headers   vary: 'Accept-Encoding' }
512 silly get cb [ 304,
512 silly get   { date: 'Tue, 26 Apr 2016 05:22:37 GMT',
512 silly get     via: '1.1 varnish',
512 silly get     'cache-control': 'max-age=300',
512 silly get     etag: '"7AJK9OFDQY6LGFZTZNQRHZNCB"',
512 silly get     age: '72',
512 silly get     connection: 'keep-alive',
512 silly get     'x-served-by': 'cache-atl6246-ATL',
512 silly get     'x-cache': 'HIT',
512 silly get     'x-cache-hits': '2',
512 silly get     'x-timer': 'S1461648157.122939,VS0,VE0',
512 silly get     vary: 'Accept-Encoding' } ]
513 verbose etag https://registry.npmjs.org/iconv-lite from cache
514 verbose get saving iconv-lite to /home/moises/.npm/registry.npmjs.org/iconv-lite/.cache.json
515 verbose correctMkdir /home/moises/.npm correctMkdir not in flight; initializing
516 silly resolveWithNewModule iconv-lite@0.4.13 checking installable status
517 silly cache add args [ 'iconv-lite@0.4.13', null ]
518 verbose cache add spec iconv-lite@0.4.13
519 silly cache add parsed spec { raw: 'iconv-lite@0.4.13',
519 silly cache add   scope: null,
519 silly cache add   name: 'iconv-lite',
519 silly cache add   rawSpec: '0.4.13',
519 silly cache add   spec: '0.4.13',
519 silly cache add   type: 'version' }
520 silly addNamed iconv-lite@0.4.13
521 verbose addNamed "0.4.13" is a plain semver version for iconv-lite
522 silly mapToRegistry name iconv-lite
523 silly mapToRegistry using default registry
524 silly mapToRegistry registry https://registry.npmjs.org/
525 silly mapToRegistry data { raw: 'iconv-lite',
525 silly mapToRegistry   scope: null,
525 silly mapToRegistry   name: 'iconv-lite',
525 silly mapToRegistry   rawSpec: '',
525 silly mapToRegistry   spec: 'latest',
525 silly mapToRegistry   type: 'tag' }
526 silly mapToRegistry uri https://registry.npmjs.org/iconv-lite
527 verbose addNameVersion registry:https://registry.npmjs.org/iconv-lite not in flight; fetching
528 http 304 https://registry.npmjs.org/on-finished
529 verbose headers { date: 'Tue, 26 Apr 2016 05:22:37 GMT',
529 verbose headers   via: '1.1 varnish',
529 verbose headers   'cache-control': 'max-age=300',
529 verbose headers   etag: '"5HI975RQQ4ZMWO79KX96Q7Y6V"',
529 verbose headers   age: '151',
529 verbose headers   connection: 'keep-alive',
529 verbose headers   'x-served-by': 'cache-ord1746-ORD',
529 verbose headers   'x-cache': 'HIT',
529 verbose headers   'x-cache-hits': '1',
529 verbose headers   'x-timer': 'S1461648157.111237,VS0,VE0',
529 verbose headers   vary: 'Accept-Encoding' }
530 silly get cb [ 304,
530 silly get   { date: 'Tue, 26 Apr 2016 05:22:37 GMT',
530 silly get     via: '1.1 varnish',
530 silly get     'cache-control': 'max-age=300',
530 silly get     etag: '"5HI975RQQ4ZMWO79KX96Q7Y6V"',
530 silly get     age: '151',
530 silly get     connection: 'keep-alive',
530 silly get     'x-served-by': 'cache-ord1746-ORD',
530 silly get     'x-cache': 'HIT',
530 silly get     'x-cache-hits': '1',
530 silly get     'x-timer': 'S1461648157.111237,VS0,VE0',
530 silly get     vary: 'Accept-Encoding' } ]
531 verbose etag https://registry.npmjs.org/on-finished from cache
532 verbose get saving on-finished to /home/moises/.npm/registry.npmjs.org/on-finished/.cache.json
533 verbose correctMkdir /home/moises/.npm correctMkdir not in flight; initializing
534 verbose get https://registry.npmjs.org/iconv-lite not expired, no request
535 silly cache afterAdd iconv-lite@0.4.13
536 verbose afterAdd /home/moises/.npm/iconv-lite/0.4.13/package/package.json not in flight; writing
537 verbose correctMkdir /home/moises/.npm correctMkdir not in flight; initializing
538 silly resolveWithNewModule on-finished@2.3.0 checking installable status
539 silly cache add args [ 'on-finished@~2.3.0', null ]
540 verbose cache add spec on-finished@~2.3.0
541 silly cache add parsed spec { raw: 'on-finished@~2.3.0',
541 silly cache add   scope: null,
541 silly cache add   name: 'on-finished',
541 silly cache add   rawSpec: '~2.3.0',
541 silly cache add   spec: '>=2.3.0 <2.4.0',
541 silly cache add   type: 'range' }
542 silly addNamed on-finished@>=2.3.0 <2.4.0
543 verbose addNamed ">=2.3.0 <2.4.0" is a valid semver range for on-finished
544 silly addNameRange { name: 'on-finished', range: '>=2.3.0 <2.4.0', hasData: false }
545 silly mapToRegistry name on-finished
546 silly mapToRegistry using default registry
547 silly mapToRegistry registry https://registry.npmjs.org/
548 silly mapToRegistry data { raw: 'on-finished',
548 silly mapToRegistry   scope: null,
548 silly mapToRegistry   name: 'on-finished',
548 silly mapToRegistry   rawSpec: '',
548 silly mapToRegistry   spec: 'latest',
548 silly mapToRegistry   type: 'tag' }
549 silly mapToRegistry uri https://registry.npmjs.org/on-finished
550 verbose addNameRange registry:https://registry.npmjs.org/on-finished not in flight; fetching
551 verbose get https://registry.npmjs.org/on-finished not expired, no request
552 silly addNameRange number 2 { name: 'on-finished', range: '>=2.3.0 <2.4.0', hasData: true }
553 silly addNameRange versions [ 'on-finished',
553 silly addNameRange   [ '2.0.0', '2.1.0', '2.1.1', '2.2.0', '2.2.1', '2.3.0' ] ]
554 silly addNamed on-finished@2.3.0
555 verbose addNamed "2.3.0" is a plain semver version for on-finished
556 verbose afterAdd /home/moises/.npm/iconv-lite/0.4.13/package/package.json written
557 silly cache afterAdd on-finished@2.3.0
558 verbose afterAdd /home/moises/.npm/on-finished/2.3.0/package/package.json not in flight; writing
559 verbose correctMkdir /home/moises/.npm correctMkdir not in flight; initializing
560 verbose afterAdd /home/moises/.npm/on-finished/2.3.0/package/package.json written
561 http fetch 200 https://registry.npmjs.org/http-errors/-/http-errors-1.4.0.tgz
562 silly fetchAndShaCheck shasum 6c0242dea6b3df7afda153c71089b31c6e82aabf
563 verbose addTmpTarball /tmp/npm-15768-32f200c9/registry.npmjs.org/http-errors/-/http-errors-1.4.0.tgz not in flight; adding
564 verbose addTmpTarball already have metadata; skipping unpack for http-errors@1.4.0
565 verbose correctMkdir /home/moises/.npm correctMkdir not in flight; initializing
566 http fetch 200 https://registry.npmjs.org/qs/-/qs-6.1.0.tgz
567 silly fetchAndShaCheck shasum ec1d1626b24278d99f0fdf4549e524e24eceeb26
568 verbose addTmpTarball /tmp/npm-15768-32f200c9/registry.npmjs.org/qs/-/qs-6.1.0.tgz not in flight; adding
569 verbose addTmpTarball already have metadata; skipping unpack for qs@6.1.0
570 verbose correctMkdir /home/moises/.npm correctMkdir not in flight; initializing
571 silly rollbackFailedOptional Starting
572 silly rollbackFailedOptional Finishing
573 silly runTopLevelLifecycles Starting
574 silly runTopLevelLifecycles Finishing
575 silly install printInstalled
576 verbose stack Error: EACCES, mkdir '/home/moises/.npm/http-errors/1.4.0'
577 verbose cwd /home/moises/ProjectsNodeJS/ApiRest
578 error Linux 4.2.0-35-generic
579 error argv "node" "/usr/local/bin/npm" "install"
580 error node v0.10.25
581 error npm  v3.8.7
582 error path /home/moises/.npm/http-errors/1.4.0
583 error code EACCES
584 error errno 3
585 error Error: EACCES, mkdir '/home/moises/.npm/http-errors/1.4.0'
585 error  { [Error: EACCES, mkdir '/home/moises/.npm/http-errors/1.4.0']
585 error   errno: 3,
585 error   code: 'EACCES',
585 error   path: '/home/moises/.npm/http-errors/1.4.0',
585 error   parent: 'body-parser' }
586 error Please try running this command again as root/Administrator.
587 verbose exit [ 3, true ]
